<?xml version="1.0" encoding="UTF-8"?>
<!-- Generated by org.testng.reporters.JUnitXMLReporter -->
<testsuite hostname="LAPTOP-UBQPUFNI" name="Default test" tests="5" failures="0" timestamp="11 Apr 2023 16:07:50 GMT" time="168.685" errors="0">
  <testcase name="verifyb" time="1.65" classname="seleniumpractice.PrioritytestDemo"/>
  <testcase name="verifyc" time="1.128" classname="seleniumpractice.PrioritytestDemo"/>
  <testcase name="verifya" time="0.024" classname="seleniumpractice.PrioritytestDemo"/>
  <testcase name="verifye" time="1.98" classname="seleniumpractice.PrioritytestDemo"/>
  <testcase name="verifyd" time="1.331" classname="seleniumpractice.PrioritytestDemo"/>
</testsuite> <!-- Default test -->
