<?xml version="1.0" encoding="UTF-8"?>
<testng-results skipped="0" failed="0" total="1" passed="1">
  <reporter-output>
  </reporter-output>
  <suite name="Suite" duration-ms="18110" started-at="2023-04-12T16:11:43Z" finished-at="2023-04-12T16:12:01Z">
    <groups>
    </groups>
    <test name="Testngparametertest" duration-ms="18110" started-at="2023-04-12T16:11:43Z" finished-at="2023-04-12T16:12:01Z">
      <class name="com.qa.testngpractice.ParamenterDemo">
        <test-method status="PASS" signature="setUp(java.lang.String, java.lang.String)[pri:0, instance:com.qa.testngpractice.ParamenterDemo@67b64c45]" name="setUp" is-config="true" duration-ms="12793" started-at="2023-04-12T21:41:43Z" finished-at="2023-04-12T21:41:56Z">
          <params>
            <param index="0">
              <value>
                <![CDATA[https://opensource-demo.orangehrmlive.com/web/index.php/auth/login]]>
              </value>
            </param>
            <param index="1">
              <value>
                <![CDATA[chrome]]>
              </value>
            </param>
          </params>
          <reporter-output>
          </reporter-output>
        </test-method> <!-- setUp -->
        <test-method status="PASS" signature="Login(java.lang.String, java.lang.String)[pri:0, instance:com.qa.testngpractice.ParamenterDemo@67b64c45]" name="Login" duration-ms="3713" started-at="2023-04-12T21:41:56Z" finished-at="2023-04-12T21:41:59Z">
          <params>
            <param index="0">
              <value>
                <![CDATA[Admin]]>
              </value>
            </param>
            <param index="1">
              <value>
                <![CDATA[admin123]]>
              </value>
            </param>
          </params>
          <reporter-output>
          </reporter-output>
        </test-method> <!-- Login -->
        <test-method status="PASS" signature="tearDown()[pri:0, instance:com.qa.testngpractice.ParamenterDemo@67b64c45]" name="tearDown" is-config="true" duration-ms="1546" started-at="2023-04-12T21:41:59Z" finished-at="2023-04-12T21:42:01Z">
          <reporter-output>
          </reporter-output>
        </test-method> <!-- tearDown -->
      </class> <!-- com.qa.testngpractice.ParamenterDemo -->
    </test> <!-- Testngparametertest -->
  </suite> <!-- Suite -->
</testng-results>
